c:\users\andrey\source\repos\consoleapplication1\consoleapplication1\debug\vc142.pdb
c:\users\andrey\source\repos\consoleapplication1\consoleapplication1\debug\vc142.idb
c:\users\andrey\source\repos\consoleapplication1\consoleapplication1\debug\main.obj
c:\users\andrey\source\repos\consoleapplication1\consoleapplication1\debug\tinyxmlparser.obj
c:\users\andrey\source\repos\consoleapplication1\consoleapplication1\debug\tinyxmlerror.obj
c:\users\andrey\source\repos\consoleapplication1\consoleapplication1\debug\tinyxml.obj
c:\users\andrey\source\repos\consoleapplication1\consoleapplication1\debug\tinystr.obj
c:\users\andrey\source\repos\consoleapplication1\consoleapplication1\debug\wsprite.obj
c:\users\andrey\source\repos\consoleapplication1\consoleapplication1\debug\wlabel.obj
c:\users\andrey\source\repos\consoleapplication1\consoleapplication1\debug\wbutton.obj
c:\users\andrey\source\repos\consoleapplication1\consoleapplication1\debug\guicontainer.obj
c:\users\andrey\source\repos\consoleapplication1\consoleapplication1\debug\guibase.obj
c:\users\andrey\source\repos\consoleapplication1\consoleapplication1\debug\player.obj
c:\users\andrey\source\repos\consoleapplication1\consoleapplication1\debug\physix.obj
c:\users\andrey\source\repos\consoleapplication1\consoleapplication1\debug\entity.obj
c:\users\andrey\source\repos\consoleapplication1\consoleapplication1\debug\bot.obj
c:\users\andrey\source\repos\consoleapplication1\consoleapplication1\debug\system.obj
c:\users\andrey\source\repos\consoleapplication1\consoleapplication1\debug\core.obj
c:\users\andrey\source\repos\consoleapplication1\consoleapplication1\debug\gui.obj
c:\users\andrey\source\repos\consoleapplication1\consoleapplication1\debug\level.obj
c:\users\andrey\source\repos\consoleapplication1\debug\consoleapplication1.exe
c:\users\andrey\source\repos\consoleapplication1\debug\consoleapplication1.ilk
c:\users\andrey\source\repos\consoleapplication1\debug\consoleapplication1.pdb
c:\users\andrey\source\repos\consoleapplication1\consoleapplication1\debug\consoleapplication1.obj
c:\users\andrey\source\repos\consoleapplication1\consoleapplication1\debug\consolea.c7a0afa4.tlog\cl.command.1.tlog
c:\users\andrey\source\repos\consoleapplication1\consoleapplication1\debug\consolea.c7a0afa4.tlog\cl.read.1.tlog
c:\users\andrey\source\repos\consoleapplication1\consoleapplication1\debug\consolea.c7a0afa4.tlog\cl.write.1.tlog
c:\users\andrey\source\repos\consoleapplication1\consoleapplication1\debug\consolea.c7a0afa4.tlog\link.command.1.tlog
c:\users\andrey\source\repos\consoleapplication1\consoleapplication1\debug\consolea.c7a0afa4.tlog\link.read.1.tlog
c:\users\andrey\source\repos\consoleapplication1\consoleapplication1\debug\consolea.c7a0afa4.tlog\link.write.1.tlog
