c:\users\andrey\source\repos\consoleapplication1\consoleapplication1\release\vc142.pdb
c:\users\andrey\source\repos\consoleapplication1\consoleapplication1\release\bot.obj
c:\users\andrey\source\repos\consoleapplication1\consoleapplication1\release\ability.obj
c:\users\andrey\source\repos\consoleapplication1\consoleapplication1\release\system.obj
c:\users\andrey\source\repos\consoleapplication1\consoleapplication1\release\settings.obj
c:\users\andrey\source\repos\consoleapplication1\consoleapplication1\release\light.obj
c:\users\andrey\source\repos\consoleapplication1\consoleapplication1\release\level.obj
c:\users\andrey\source\repos\consoleapplication1\consoleapplication1\release\core.obj
c:\users\andrey\source\repos\consoleapplication1\consoleapplication1\release\any.obj
c:\users\andrey\source\repos\consoleapplication1\consoleapplication1\release\animation.obj
c:\users\andrey\source\repos\consoleapplication1\consoleapplication1\release\main.obj
c:\users\andrey\source\repos\consoleapplication1\consoleapplication1\release\staticquadtree.obj
c:\users\andrey\source\repos\consoleapplication1\consoleapplication1\release\quadtreeoccupant.obj
c:\users\andrey\source\repos\consoleapplication1\consoleapplication1\release\quadtreenode.obj
c:\users\andrey\source\repos\consoleapplication1\consoleapplication1\release\quadtree.obj
c:\users\andrey\source\repos\consoleapplication1\consoleapplication1\release\dynamicquadtree.obj
c:\users\andrey\source\repos\consoleapplication1\consoleapplication1\release\math.obj
c:\users\andrey\source\repos\consoleapplication1\consoleapplication1\release\lightsystem.obj
c:\users\andrey\source\repos\consoleapplication1\consoleapplication1\release\lightshape.obj
c:\users\andrey\source\repos\consoleapplication1\consoleapplication1\release\lightpointemission.obj
c:\users\andrey\source\repos\consoleapplication1\consoleapplication1\release\lightdirectionemission.obj
c:\users\andrey\source\repos\consoleapplication1\consoleapplication1\release\tinyxmlparser.obj
c:\users\andrey\source\repos\consoleapplication1\consoleapplication1\release\tinyxmlerror.obj
c:\users\andrey\source\repos\consoleapplication1\consoleapplication1\release\tinyxml.obj
c:\users\andrey\source\repos\consoleapplication1\consoleapplication1\release\tinystr.obj
c:\users\andrey\source\repos\consoleapplication1\consoleapplication1\release\widget.obj
c:\users\andrey\source\repos\consoleapplication1\consoleapplication1\release\image.obj
c:\users\andrey\source\repos\consoleapplication1\consoleapplication1\release\weapon.obj
c:\users\andrey\source\repos\consoleapplication1\consoleapplication1\release\player.obj
c:\users\andrey\source\repos\consoleapplication1\consoleapplication1\release\physix.obj
c:\users\andrey\source\repos\consoleapplication1\consoleapplication1\release\movingplatform.obj
c:\users\andrey\source\repos\consoleapplication1\consoleapplication1\release\entity.obj
c:\users\andrey\source\repos\consoleapplication1\consoleapplication1\release\messages.obj
c:\users\andrey\source\repos\consoleapplication1\consoleapplication1\release\dialogs.obj
c:\users\andrey\source\repos\consoleapplication1\consoleapplication1\release\particle.obj
c:\users\andrey\source\repos\consoleapplication1\consoleapplication1\release\effects.obj
c:\users\andrey\source\repos\consoleapplication1\consoleapplication1\release\particles.obj
c:\users\andrey\source\repos\consoleapplication1\consoleapplication1\release\teleport.obj
c:\users\andrey\source\repos\consoleapplication1\release\consoleapplication1.ipdb
c:\users\andrey\source\repos\consoleapplication1\release\consoleapplication1.iobj
c:\users\andrey\source\repos\consoleapplication1\release\consoleapplication1.exe
c:\users\andrey\source\repos\consoleapplication1\release\consoleapplication1.pdb
c:\users\andrey\source\repos\consoleapplication1\consoleapplication1\release\vc142.idb
c:\users\andrey\source\repos\consoleapplication1\consoleapplication1\release\consolea.c7a0afa4.tlog\cl.command.1.tlog
c:\users\andrey\source\repos\consoleapplication1\consoleapplication1\release\consolea.c7a0afa4.tlog\cl.read.1.tlog
c:\users\andrey\source\repos\consoleapplication1\consoleapplication1\release\consolea.c7a0afa4.tlog\cl.write.1.tlog
c:\users\andrey\source\repos\consoleapplication1\consoleapplication1\release\consolea.c7a0afa4.tlog\consoleapplication1.write.1u.tlog
c:\users\andrey\source\repos\consoleapplication1\consoleapplication1\release\consolea.c7a0afa4.tlog\link.command.1.tlog
c:\users\andrey\source\repos\consoleapplication1\consoleapplication1\release\consolea.c7a0afa4.tlog\link.delete.1.tlog
c:\users\andrey\source\repos\consoleapplication1\consoleapplication1\release\consolea.c7a0afa4.tlog\link.read.1.tlog
c:\users\andrey\source\repos\consoleapplication1\consoleapplication1\release\consolea.c7a0afa4.tlog\link.write.1.tlog
